2021-03-23 21:32:27,443::root::[INFO]::Initializing BMJScraper.
2021-03-23 21:32:28,062::root::[INFO]::32 specialties loaded successfully.
2021-03-23 21:32:28,460::root::[INFO]::----> 104 loaded from https://bestpractice.bmj.com/specialties/1/Allergy-and-immunology.
2021-03-23 21:32:28,860::root::[INFO]::----> 338 loaded from https://bestpractice.bmj.com/specialties/31/Anaesthesiology.
2021-03-23 21:32:29,206::root::[INFO]::----> 194 loaded from https://bestpractice.bmj.com/specialties/2/Cardiology.
2021-03-23 21:32:29,575::root::[INFO]::----> 76 loaded from https://bestpractice.bmj.com/specialties/27/Cardiothoracic-surgery.
2021-03-23 21:32:30,051::root::[INFO]::----> 647 loaded from https://bestpractice.bmj.com/specialties/3/Critical-care-medicine.
2021-03-23 21:32:30,482::root::[INFO]::----> 256 loaded from https://bestpractice.bmj.com/specialties/4/Dermatology.
2021-03-23 21:32:30,929::root::[INFO]::----> 185 loaded from https://bestpractice.bmj.com/specialties/23/Ear-nose-and-throat.
2021-03-23 21:32:31,368::root::[INFO]::----> 684 loaded from https://bestpractice.bmj.com/specialties/5/Emergency-medicine.
2021-03-23 21:32:31,749::root::[INFO]::----> 252 loaded from https://bestpractice.bmj.com/specialties/6/Endocrinology-and-metabolic-disorders.
2021-03-23 21:32:32,140::root::[INFO]::----> 349 loaded from https://bestpractice.bmj.com/specialties/7/Gastroenterology-and-hepatology.
2021-03-23 21:32:32,477::root::[INFO]::----> 207 loaded from https://bestpractice.bmj.com/specialties/24/General-surgery.
2021-03-23 21:32:32,900::root::[INFO]::----> 138 loaded from https://bestpractice.bmj.com/specialties/8/Genetics.
2021-03-23 21:32:33,586::root::[INFO]::----> 79 loaded from https://bestpractice.bmj.com/specialties/9/Geriatric-medicine.
2021-03-23 21:32:34,247::root::[INFO]::----> 149 loaded from https://bestpractice.bmj.com/specialties/11/Haematology.
2021-03-23 21:32:34,580::root::[INFO]::----> 27 loaded from https://bestpractice.bmj.com/specialties/10/Health-maintenance.
2021-03-23 21:32:35,076::root::[INFO]::----> 578 loaded from https://bestpractice.bmj.com/specialties/12/Infectious-diseases.
2021-03-23 21:32:35,509::root::[INFO]::----> 119 loaded from https://bestpractice.bmj.com/specialties/13/Nephrology.
2021-03-23 21:32:35,922::root::[INFO]::----> 372 loaded from https://bestpractice.bmj.com/specialties/14/Neurology.
2021-03-23 21:32:36,348::root::[INFO]::----> 165 loaded from https://bestpractice.bmj.com/specialties/25/Neurosurgery.
2021-03-23 21:32:36,706::root::[INFO]::----> 58 loaded from https://bestpractice.bmj.com/specialties/15/Nutrition.
2021-03-23 21:32:37,046::root::[INFO]::----> 169 loaded from https://bestpractice.bmj.com/specialties/21/Obstetrics-and-gynaecology.
2021-03-23 21:32:37,428::root::[INFO]::----> 195 loaded from https://bestpractice.bmj.com/specialties/16/Oncology.
2021-03-23 21:32:37,745::root::[INFO]::----> 77 loaded from https://bestpractice.bmj.com/specialties/17/Ophthalmology.
2021-03-23 21:32:38,561::root::[INFO]::----> 167 loaded from https://bestpractice.bmj.com/specialties/26/Orthopaedics.
2021-03-23 21:32:38,977::root::[INFO]::----> 460 loaded from https://bestpractice.bmj.com/specialties/22/Paediatrics-and-adolescent-medicine.
2021-03-23 21:32:39,372::root::[INFO]::----> 149 loaded from https://bestpractice.bmj.com/specialties/32/Palliative-care.
2021-03-23 21:32:39,850::root::[INFO]::----> 1232 loaded from https://bestpractice.bmj.com/specialties/30/Primary-care.
2021-03-23 21:32:40,181::root::[INFO]::----> 144 loaded from https://bestpractice.bmj.com/specialties/18/Psychiatry.
2021-03-23 21:32:40,571::root::[INFO]::----> 274 loaded from https://bestpractice.bmj.com/specialties/19/Respiratory-disorders.
2021-03-23 21:32:40,932::root::[INFO]::----> 185 loaded from https://bestpractice.bmj.com/specialties/20/Rheumatology.
2021-03-23 21:32:41,319::root::[INFO]::----> 146 loaded from https://bestpractice.bmj.com/specialties/28/Urology.
2021-03-23 21:32:41,662::root::[INFO]::----> 53 loaded from https://bestpractice.bmj.com/specialties/29/Vascular-surgery.
2021-03-23 21:32:41,662::root::[INFO]::8228 diseases loaded successfully.
2021-03-23 21:32:41,663::root::[INFO]::Diseases separated successfully.
2021-03-23 21:32:42,091::root::[INFO]:: ----> Menu links for https://bestpractice.bmj.com/topics/en-gb/956 processed successfully..
2021-03-23 21:32:42,488::root::[INFO]:: ----> Menu links for https://bestpractice.bmj.com/topics/en-gb/332 processed successfully..
2021-03-23 21:32:42,890::root::[INFO]:: ----> Menu links for https://bestpractice.bmj.com/topics/en-gb/1121 processed successfully..
2021-03-23 21:32:43,318::root::[INFO]:: ----> Menu links for https://bestpractice.bmj.com/topics/en-gb/392 processed successfully..
2021-03-23 21:32:43,722::root::[INFO]:: ----> Menu links for https://bestpractice.bmj.com/topics/en-gb/215 processed successfully..
2021-03-23 21:32:44,077::root::[INFO]:: ----> Menu links for https://bestpractice.bmj.com/topics/en-gb/123 processed successfully..
2021-03-23 21:32:44,445::root::[INFO]:: ----> Menu links for https://bestpractice.bmj.com/topics/en-gb/669 processed successfully..
2021-03-23 21:32:44,862::root::[INFO]:: ----> Menu links for https://bestpractice.bmj.com/topics/en-gb/3000206 processed successfully..
2021-03-23 21:32:45,404::root::[INFO]:: ----> Menu links for https://bestpractice.bmj.com/topics/en-gb/3000126 processed successfully..
2021-03-23 21:32:45,788::root::[INFO]:: ----> Menu links for https://bestpractice.bmj.com/topics/en-gb/1144 processed successfully..
2021-03-23 21:32:46,133::root::[INFO]:: ----> Menu links for https://bestpractice.bmj.com/topics/en-gb/1067 processed successfully..
2021-03-23 21:32:46,688::root::[INFO]:: ----> Menu links for https://bestpractice.bmj.com/topics/en-gb/290 processed successfully..
2021-03-23 21:32:47,047::root::[INFO]:: ----> Menu links for https://bestpractice.bmj.com/topics/en-gb/835 processed successfully..
2021-03-23 21:32:47,404::root::[INFO]:: ----> Menu links for https://bestpractice.bmj.com/topics/en-gb/689 processed successfully..
2021-03-23 21:32:47,780::root::[INFO]:: ----> Menu links for https://bestpractice.bmj.com/topics/en-gb/1093 processed successfully..
2021-03-23 21:32:48,356::root::[INFO]:: ----> Menu links for https://bestpractice.bmj.com/topics/en-gb/3000121 processed successfully..
2021-03-23 21:32:49,068::root::[INFO]:: ----> Menu links for https://bestpractice.bmj.com/topics/en-gb/325 processed successfully..
2021-03-23 21:32:49,375::root::[ERROR]::
Traceback (most recent call last):
  File "bmj_scrape.py", line 37, in wrapper_function
    return original_function(*args, **kwargs)
  File "bmj_scrape.py", line 115, in menu_links_from_disease
    source = requests.get(disease_url).text
  File "/home/filip/IT/DS/medwise/paragraphs/.medwise/lib/python3.8/site-packages/requests/api.py", line 76, in get
    return request('get', url, params=params, **kwargs)
  File "/home/filip/IT/DS/medwise/paragraphs/.medwise/lib/python3.8/site-packages/requests/api.py", line 61, in request
    return session.request(method=method, url=url, **kwargs)
  File "/home/filip/IT/DS/medwise/paragraphs/.medwise/lib/python3.8/site-packages/requests/sessions.py", line 542, in request
    resp = self.send(prep, **send_kwargs)
  File "/home/filip/IT/DS/medwise/paragraphs/.medwise/lib/python3.8/site-packages/requests/sessions.py", line 697, in send
    r.content
  File "/home/filip/IT/DS/medwise/paragraphs/.medwise/lib/python3.8/site-packages/requests/models.py", line 831, in content
    self._content = b''.join(self.iter_content(CONTENT_CHUNK_SIZE)) or b''
  File "/home/filip/IT/DS/medwise/paragraphs/.medwise/lib/python3.8/site-packages/requests/models.py", line 753, in generate
    for chunk in self.raw.stream(chunk_size, decode_content=True):
  File "/home/filip/IT/DS/medwise/paragraphs/.medwise/lib/python3.8/site-packages/urllib3/response.py", line 572, in stream
    for line in self.read_chunked(amt, decode_content=decode_content):
  File "/home/filip/IT/DS/medwise/paragraphs/.medwise/lib/python3.8/site-packages/urllib3/response.py", line 764, in read_chunked
    self._update_chunk_length()
  File "/home/filip/IT/DS/medwise/paragraphs/.medwise/lib/python3.8/site-packages/urllib3/response.py", line 694, in _update_chunk_length
    line = self._fp.fp.readline()
  File "/usr/lib/python3.8/socket.py", line 669, in readinto
    return self._sock.recv_into(b)
  File "/usr/lib/python3.8/ssl.py", line 1241, in recv_into
    return self.read(nbytes, buffer)
  File "/usr/lib/python3.8/ssl.py", line 1099, in read
    return self._sslobj.read(len, buffer)
KeyboardInterrupt
