2021-03-23 20:56:44,611::root::[INFO]::Initializing BMJScraper.
2021-03-23 20:56:45,382::root::[INFO]::32 specialties loaded successfully.
2021-03-23 20:56:45,762::root::[INFO]::----104 loaded from https://bestpractice.bmj.com/specialties/1/Allergy-and-immunology.
2021-03-23 20:56:46,121::root::[INFO]::----338 loaded from https://bestpractice.bmj.com/specialties/31/Anaesthesiology.
2021-03-23 20:56:46,557::root::[INFO]::----194 loaded from https://bestpractice.bmj.com/specialties/2/Cardiology.
2021-03-23 20:56:46,964::root::[INFO]::----76 loaded from https://bestpractice.bmj.com/specialties/27/Cardiothoracic-surgery.
2021-03-23 20:56:47,437::root::[INFO]::----647 loaded from https://bestpractice.bmj.com/specialties/3/Critical-care-medicine.
2021-03-23 20:56:47,847::root::[INFO]::----256 loaded from https://bestpractice.bmj.com/specialties/4/Dermatology.
2021-03-23 20:56:48,234::root::[INFO]::----185 loaded from https://bestpractice.bmj.com/specialties/23/Ear-nose-and-throat.
2021-03-23 20:56:48,620::root::[INFO]::----684 loaded from https://bestpractice.bmj.com/specialties/5/Emergency-medicine.
2021-03-23 20:56:49,039::root::[INFO]::----252 loaded from https://bestpractice.bmj.com/specialties/6/Endocrinology-and-metabolic-disorders.
2021-03-23 20:56:49,391::root::[INFO]::----349 loaded from https://bestpractice.bmj.com/specialties/7/Gastroenterology-and-hepatology.
2021-03-23 20:56:49,860::root::[INFO]::----207 loaded from https://bestpractice.bmj.com/specialties/24/General-surgery.
2021-03-23 20:56:50,247::root::[INFO]::----138 loaded from https://bestpractice.bmj.com/specialties/8/Genetics.
2021-03-23 20:56:50,614::root::[INFO]::----79 loaded from https://bestpractice.bmj.com/specialties/9/Geriatric-medicine.
2021-03-23 20:56:51,023::root::[INFO]::----149 loaded from https://bestpractice.bmj.com/specialties/11/Haematology.
2021-03-23 20:56:51,328::root::[INFO]::----27 loaded from https://bestpractice.bmj.com/specialties/10/Health-maintenance.
2021-03-23 20:56:51,728::root::[INFO]::----578 loaded from https://bestpractice.bmj.com/specialties/12/Infectious-diseases.
2021-03-23 20:56:52,130::root::[INFO]::----119 loaded from https://bestpractice.bmj.com/specialties/13/Nephrology.
2021-03-23 20:56:52,485::root::[INFO]::----372 loaded from https://bestpractice.bmj.com/specialties/14/Neurology.
2021-03-23 20:56:52,821::root::[INFO]::----165 loaded from https://bestpractice.bmj.com/specialties/25/Neurosurgery.
2021-03-23 20:56:53,256::root::[INFO]::----58 loaded from https://bestpractice.bmj.com/specialties/15/Nutrition.
2021-03-23 20:56:53,585::root::[INFO]::----169 loaded from https://bestpractice.bmj.com/specialties/21/Obstetrics-and-gynaecology.
2021-03-23 20:56:53,911::root::[INFO]::----195 loaded from https://bestpractice.bmj.com/specialties/16/Oncology.
2021-03-23 20:56:54,238::root::[INFO]::----77 loaded from https://bestpractice.bmj.com/specialties/17/Ophthalmology.
2021-03-23 20:56:54,604::root::[INFO]::----167 loaded from https://bestpractice.bmj.com/specialties/26/Orthopaedics.
2021-03-23 20:56:54,974::root::[INFO]::----460 loaded from https://bestpractice.bmj.com/specialties/22/Paediatrics-and-adolescent-medicine.
2021-03-23 20:56:55,365::root::[INFO]::----149 loaded from https://bestpractice.bmj.com/specialties/32/Palliative-care.
2021-03-23 20:56:55,844::root::[INFO]::----1232 loaded from https://bestpractice.bmj.com/specialties/30/Primary-care.
2021-03-23 20:56:56,156::root::[INFO]::----144 loaded from https://bestpractice.bmj.com/specialties/18/Psychiatry.
2021-03-23 20:56:56,495::root::[INFO]::----274 loaded from https://bestpractice.bmj.com/specialties/19/Respiratory-disorders.
2021-03-23 20:56:56,863::root::[INFO]::----185 loaded from https://bestpractice.bmj.com/specialties/20/Rheumatology.
2021-03-23 20:56:57,228::root::[INFO]::----146 loaded from https://bestpractice.bmj.com/specialties/28/Urology.
2021-03-23 20:56:57,525::root::[INFO]::----53 loaded from https://bestpractice.bmj.com/specialties/29/Vascular-surgery.
2021-03-23 20:56:57,525::root::[INFO]::32 diseases loaded successfully.
