2021-03-23 20:55:44,347::root::[INFO]::Initializing BMJScraper.
2021-03-23 20:55:44,678::root::[INFO]::32 specialties loaded successfully.
2021-03-23 20:55:45,020::root::[INFO]::----104 loaded from https://bestpractice.bmj.com/specialties/1/Allergy-and-immunology.
2021-03-23 20:55:45,431::root::[INFO]::----338 loaded from https://bestpractice.bmj.com/specialties/31/Anaesthesiology.
2021-03-23 20:55:45,882::root::[INFO]::----194 loaded from https://bestpractice.bmj.com/specialties/2/Cardiology.
2021-03-23 20:55:46,277::root::[INFO]::----76 loaded from https://bestpractice.bmj.com/specialties/27/Cardiothoracic-surgery.
2021-03-23 20:55:46,730::root::[INFO]::----647 loaded from https://bestpractice.bmj.com/specialties/3/Critical-care-medicine.
2021-03-23 20:55:47,108::root::[INFO]::----256 loaded from https://bestpractice.bmj.com/specialties/4/Dermatology.
2021-03-23 20:55:47,443::root::[INFO]::----185 loaded from https://bestpractice.bmj.com/specialties/23/Ear-nose-and-throat.
2021-03-23 20:55:47,875::root::[INFO]::----684 loaded from https://bestpractice.bmj.com/specialties/5/Emergency-medicine.
2021-03-23 20:55:48,256::root::[INFO]::----252 loaded from https://bestpractice.bmj.com/specialties/6/Endocrinology-and-metabolic-disorders.
2021-03-23 20:55:48,628::root::[INFO]::----349 loaded from https://bestpractice.bmj.com/specialties/7/Gastroenterology-and-hepatology.
2021-03-23 20:55:48,994::root::[INFO]::----207 loaded from https://bestpractice.bmj.com/specialties/24/General-surgery.
2021-03-23 20:55:49,344::root::[INFO]::----138 loaded from https://bestpractice.bmj.com/specialties/8/Genetics.
2021-03-23 20:55:49,687::root::[INFO]::----79 loaded from https://bestpractice.bmj.com/specialties/9/Geriatric-medicine.
2021-03-23 20:55:50,005::root::[INFO]::----149 loaded from https://bestpractice.bmj.com/specialties/11/Haematology.
2021-03-23 20:55:50,411::root::[INFO]::----27 loaded from https://bestpractice.bmj.com/specialties/10/Health-maintenance.
2021-03-23 20:55:50,866::root::[INFO]::----578 loaded from https://bestpractice.bmj.com/specialties/12/Infectious-diseases.
2021-03-23 20:55:51,206::root::[INFO]::----119 loaded from https://bestpractice.bmj.com/specialties/13/Nephrology.
2021-03-23 20:55:51,622::root::[INFO]::----372 loaded from https://bestpractice.bmj.com/specialties/14/Neurology.
2021-03-23 20:55:52,003::root::[INFO]::----165 loaded from https://bestpractice.bmj.com/specialties/25/Neurosurgery.
2021-03-23 20:55:52,359::root::[INFO]::----58 loaded from https://bestpractice.bmj.com/specialties/15/Nutrition.
2021-03-23 20:55:52,750::root::[INFO]::----169 loaded from https://bestpractice.bmj.com/specialties/21/Obstetrics-and-gynaecology.
2021-03-23 20:55:53,098::root::[INFO]::----195 loaded from https://bestpractice.bmj.com/specialties/16/Oncology.
2021-03-23 20:55:53,421::root::[INFO]::----77 loaded from https://bestpractice.bmj.com/specialties/17/Ophthalmology.
2021-03-23 20:55:53,862::root::[INFO]::----167 loaded from https://bestpractice.bmj.com/specialties/26/Orthopaedics.
2021-03-23 20:55:54,343::root::[INFO]::----460 loaded from https://bestpractice.bmj.com/specialties/22/Paediatrics-and-adolescent-medicine.
2021-03-23 20:55:54,691::root::[INFO]::----149 loaded from https://bestpractice.bmj.com/specialties/32/Palliative-care.
2021-03-23 20:55:55,220::root::[INFO]::----1232 loaded from https://bestpractice.bmj.com/specialties/30/Primary-care.
2021-03-23 20:55:55,584::root::[INFO]::----144 loaded from https://bestpractice.bmj.com/specialties/18/Psychiatry.
2021-03-23 20:55:55,934::root::[INFO]::----274 loaded from https://bestpractice.bmj.com/specialties/19/Respiratory-disorders.
2021-03-23 20:55:56,268::root::[INFO]::----185 loaded from https://bestpractice.bmj.com/specialties/20/Rheumatology.
2021-03-23 20:55:56,599::root::[INFO]::----146 loaded from https://bestpractice.bmj.com/specialties/28/Urology.
2021-03-23 20:55:56,997::root::[INFO]::----53 loaded from https://bestpractice.bmj.com/specialties/29/Vascular-surgery.
2021-03-23 20:55:56,997::root::[INFO]::0 diseases loaded successfully.
