2021-03-22 13:51:13,608::root::[INFO]::Initializing BMJScraper.
2021-03-22 13:51:13,611::urllib3.connectionpool::[DEBUG]::Starting new HTTPS connection (1): bestpractice.bmj.com:443
2021-03-22 13:51:13,911::urllib3.connectionpool::[DEBUG]::https://bestpractice.bmj.com:443 "GET /specialties HTTP/1.1" 200 None
2021-03-22 13:51:13,959::urllib3.connectionpool::[DEBUG]::Starting new HTTPS connection (1): bestpractice.bmj.com:443
2021-03-22 13:51:14,250::urllib3.connectionpool::[DEBUG]::https://bestpractice.bmj.com:443 "GET /specialties/1/Allergy-and-immunology HTTP/1.1" 200 None
2021-03-22 13:51:14,319::urllib3.connectionpool::[DEBUG]::Starting new HTTPS connection (1): bestpractice.bmj.com:443
2021-03-22 13:51:14,602::urllib3.connectionpool::[DEBUG]::https://bestpractice.bmj.com:443 "GET /specialties/31/Anaesthesiology HTTP/1.1" 200 None
2021-03-22 13:51:14,720::urllib3.connectionpool::[DEBUG]::Starting new HTTPS connection (1): bestpractice.bmj.com:443
2021-03-22 13:51:15,066::urllib3.connectionpool::[DEBUG]::https://bestpractice.bmj.com:443 "GET /specialties/2/Cardiology HTTP/1.1" 200 None
2021-03-22 13:51:15,157::urllib3.connectionpool::[DEBUG]::Starting new HTTPS connection (1): bestpractice.bmj.com:443
2021-03-22 13:51:15,509::urllib3.connectionpool::[DEBUG]::https://bestpractice.bmj.com:443 "GET /specialties/27/Cardiothoracic-surgery HTTP/1.1" 200 None
2021-03-22 13:51:15,550::urllib3.connectionpool::[DEBUG]::Starting new HTTPS connection (1): bestpractice.bmj.com:443
2021-03-22 13:51:15,901::urllib3.connectionpool::[DEBUG]::https://bestpractice.bmj.com:443 "GET /specialties/3/Critical-care-medicine HTTP/1.1" 200 None
2021-03-22 13:51:16,098::urllib3.connectionpool::[DEBUG]::Starting new HTTPS connection (1): bestpractice.bmj.com:443
2021-03-22 13:51:16,427::urllib3.connectionpool::[DEBUG]::https://bestpractice.bmj.com:443 "GET /specialties/4/Dermatology HTTP/1.1" 200 None
2021-03-22 13:51:16,508::urllib3.connectionpool::[DEBUG]::Starting new HTTPS connection (1): bestpractice.bmj.com:443
2021-03-22 13:51:16,780::urllib3.connectionpool::[DEBUG]::https://bestpractice.bmj.com:443 "GET /specialties/23/Ear-nose-and-throat HTTP/1.1" 200 None
2021-03-22 13:51:16,855::urllib3.connectionpool::[DEBUG]::Starting new HTTPS connection (1): bestpractice.bmj.com:443
2021-03-22 13:51:17,100::urllib3.connectionpool::[DEBUG]::https://bestpractice.bmj.com:443 "GET /specialties/5/Emergency-medicine HTTP/1.1" 200 None
2021-03-22 13:51:17,221::urllib3.connectionpool::[DEBUG]::Starting new HTTPS connection (1): bestpractice.bmj.com:443
2021-03-22 13:51:17,491::urllib3.connectionpool::[DEBUG]::https://bestpractice.bmj.com:443 "GET /specialties/6/Endocrinology-and-metabolic-disorders HTTP/1.1" 200 None
2021-03-22 13:51:17,573::urllib3.connectionpool::[DEBUG]::Starting new HTTPS connection (1): bestpractice.bmj.com:443
2021-03-22 13:51:17,883::urllib3.connectionpool::[DEBUG]::https://bestpractice.bmj.com:443 "GET /specialties/7/Gastroenterology-and-hepatology HTTP/1.1" 200 None
2021-03-22 13:51:17,980::urllib3.connectionpool::[DEBUG]::Starting new HTTPS connection (1): bestpractice.bmj.com:443
2021-03-22 13:51:18,241::urllib3.connectionpool::[DEBUG]::https://bestpractice.bmj.com:443 "GET /specialties/24/General-surgery HTTP/1.1" 200 None
2021-03-22 13:51:18,328::urllib3.connectionpool::[DEBUG]::Starting new HTTPS connection (1): bestpractice.bmj.com:443
2021-03-22 13:51:18,591::urllib3.connectionpool::[DEBUG]::https://bestpractice.bmj.com:443 "GET /specialties/8/Genetics HTTP/1.1" 200 None
2021-03-22 13:51:18,660::urllib3.connectionpool::[DEBUG]::Starting new HTTPS connection (1): bestpractice.bmj.com:443
