2021-03-23 21:35:44,709::root::[INFO]::Initializing BMJScraper.
2021-03-23 21:35:45,037::root::[INFO]::32 specialties loaded successfully.
2021-03-23 21:35:45,408::root::[INFO]::----> 104 loaded from https://bestpractice.bmj.com/specialties/1/Allergy-and-immunology.
2021-03-23 21:35:45,852::root::[INFO]::----> 338 loaded from https://bestpractice.bmj.com/specialties/31/Anaesthesiology.
2021-03-23 21:35:46,221::root::[INFO]::----> 194 loaded from https://bestpractice.bmj.com/specialties/2/Cardiology.
2021-03-23 21:35:46,612::root::[INFO]::----> 76 loaded from https://bestpractice.bmj.com/specialties/27/Cardiothoracic-surgery.
2021-03-23 21:35:47,094::root::[INFO]::----> 647 loaded from https://bestpractice.bmj.com/specialties/3/Critical-care-medicine.
2021-03-23 21:35:47,446::root::[INFO]::----> 256 loaded from https://bestpractice.bmj.com/specialties/4/Dermatology.
2021-03-23 21:35:47,824::root::[INFO]::----> 185 loaded from https://bestpractice.bmj.com/specialties/23/Ear-nose-and-throat.
2021-03-23 21:35:48,214::root::[INFO]::----> 684 loaded from https://bestpractice.bmj.com/specialties/5/Emergency-medicine.
2021-03-23 21:35:48,627::root::[INFO]::----> 252 loaded from https://bestpractice.bmj.com/specialties/6/Endocrinology-and-metabolic-disorders.
2021-03-23 21:35:48,975::root::[INFO]::----> 349 loaded from https://bestpractice.bmj.com/specialties/7/Gastroenterology-and-hepatology.
2021-03-23 21:35:49,320::root::[INFO]::----> 207 loaded from https://bestpractice.bmj.com/specialties/24/General-surgery.
2021-03-23 21:35:49,740::root::[INFO]::----> 138 loaded from https://bestpractice.bmj.com/specialties/8/Genetics.
2021-03-23 21:35:50,074::root::[INFO]::----> 79 loaded from https://bestpractice.bmj.com/specialties/9/Geriatric-medicine.
2021-03-23 21:35:50,482::root::[INFO]::----> 149 loaded from https://bestpractice.bmj.com/specialties/11/Haematology.
2021-03-23 21:35:50,792::root::[INFO]::----> 27 loaded from https://bestpractice.bmj.com/specialties/10/Health-maintenance.
2021-03-23 21:35:51,181::root::[INFO]::----> 578 loaded from https://bestpractice.bmj.com/specialties/12/Infectious-diseases.
2021-03-23 21:35:51,543::root::[INFO]::----> 119 loaded from https://bestpractice.bmj.com/specialties/13/Nephrology.
2021-03-23 21:35:51,922::root::[INFO]::----> 372 loaded from https://bestpractice.bmj.com/specialties/14/Neurology.
2021-03-23 21:35:52,255::root::[INFO]::----> 165 loaded from https://bestpractice.bmj.com/specialties/25/Neurosurgery.
2021-03-23 21:35:52,670::root::[INFO]::----> 58 loaded from https://bestpractice.bmj.com/specialties/15/Nutrition.
2021-03-23 21:35:53,003::root::[INFO]::----> 169 loaded from https://bestpractice.bmj.com/specialties/21/Obstetrics-and-gynaecology.
2021-03-23 21:35:53,327::root::[INFO]::----> 195 loaded from https://bestpractice.bmj.com/specialties/16/Oncology.
2021-03-23 21:35:53,707::root::[INFO]::----> 77 loaded from https://bestpractice.bmj.com/specialties/17/Ophthalmology.
2021-03-23 21:35:54,033::root::[INFO]::----> 167 loaded from https://bestpractice.bmj.com/specialties/26/Orthopaedics.
2021-03-23 21:35:54,469::root::[INFO]::----> 460 loaded from https://bestpractice.bmj.com/specialties/22/Paediatrics-and-adolescent-medicine.
2021-03-23 21:35:54,790::root::[INFO]::----> 149 loaded from https://bestpractice.bmj.com/specialties/32/Palliative-care.
2021-03-23 21:35:55,348::root::[INFO]::----> 1232 loaded from https://bestpractice.bmj.com/specialties/30/Primary-care.
2021-03-23 21:35:55,673::root::[INFO]::----> 144 loaded from https://bestpractice.bmj.com/specialties/18/Psychiatry.
2021-03-23 21:35:56,003::root::[INFO]::----> 274 loaded from https://bestpractice.bmj.com/specialties/19/Respiratory-disorders.
2021-03-23 21:35:56,334::root::[INFO]::----> 185 loaded from https://bestpractice.bmj.com/specialties/20/Rheumatology.
2021-03-23 21:35:56,731::root::[INFO]::----> 146 loaded from https://bestpractice.bmj.com/specialties/28/Urology.
2021-03-23 21:35:57,060::root::[INFO]::----> 53 loaded from https://bestpractice.bmj.com/specialties/29/Vascular-surgery.
2021-03-23 21:35:57,060::root::[INFO]::8228 diseases loaded successfully.
2021-03-23 21:35:57,061::root::[INFO]::Diseases separated successfully.
2021-03-23 21:35:57,505::root::[INFO]:: ----> Menu links for https://bestpractice.bmj.com/topics/en-gb/596 processed successfully..
2021-03-23 21:35:57,978::root::[INFO]:: ----> Menu links for https://bestpractice.bmj.com/topics/en-gb/769 processed successfully..
2021-03-23 21:35:58,348::root::[INFO]:: ----> Menu links for https://bestpractice.bmj.com/topics/en-gb/1143 processed successfully..
2021-03-23 21:35:58,779::root::[INFO]:: ----> Menu links for https://bestpractice.bmj.com/topics/en-gb/1153 processed successfully..
2021-03-23 21:35:59,174::root::[INFO]:: ----> Menu links for https://bestpractice.bmj.com/topics/en-gb/1085 processed successfully..
2021-03-23 21:35:59,543::root::[INFO]:: ----> Menu links for https://bestpractice.bmj.com/topics/en-gb/268 processed successfully..
2021-03-23 21:36:00,392::root::[INFO]:: ----> Menu links for https://bestpractice.bmj.com/topics/en-gb/3000168 processed successfully..
2021-03-23 21:36:00,760::root::[INFO]:: ----> Menu links for https://bestpractice.bmj.com/topics/en-gb/581 processed successfully..
2021-03-23 21:36:00,832::root::[ERROR]::
Traceback (most recent call last):
  File "bmj_scrape.py", line 37, in wrapper_function
    return original_function(*args, **kwargs)
  File "bmj_scrape.py", line 116, in menu_links_from_disease
    source = requests.get(disease_url).text
  File "/home/filip/IT/DS/medwise/paragraphs/.medwise/lib/python3.8/site-packages/requests/api.py", line 76, in get
    return request('get', url, params=params, **kwargs)
  File "/home/filip/IT/DS/medwise/paragraphs/.medwise/lib/python3.8/site-packages/requests/api.py", line 61, in request
    return session.request(method=method, url=url, **kwargs)
  File "/home/filip/IT/DS/medwise/paragraphs/.medwise/lib/python3.8/site-packages/requests/sessions.py", line 542, in request
    resp = self.send(prep, **send_kwargs)
  File "/home/filip/IT/DS/medwise/paragraphs/.medwise/lib/python3.8/site-packages/requests/sessions.py", line 655, in send
    r = adapter.send(request, **kwargs)
  File "/home/filip/IT/DS/medwise/paragraphs/.medwise/lib/python3.8/site-packages/requests/adapters.py", line 439, in send
    resp = conn.urlopen(
  File "/home/filip/IT/DS/medwise/paragraphs/.medwise/lib/python3.8/site-packages/urllib3/connectionpool.py", line 699, in urlopen
    httplib_response = self._make_request(
  File "/home/filip/IT/DS/medwise/paragraphs/.medwise/lib/python3.8/site-packages/urllib3/connectionpool.py", line 445, in _make_request
    six.raise_from(e, None)
  File "<string>", line 3, in raise_from
  File "/home/filip/IT/DS/medwise/paragraphs/.medwise/lib/python3.8/site-packages/urllib3/connectionpool.py", line 440, in _make_request
    httplib_response = conn.getresponse()
  File "/usr/lib/python3.8/http/client.py", line 1347, in getresponse
    response.begin()
  File "/usr/lib/python3.8/http/client.py", line 307, in begin
    version, status, reason = self._read_status()
  File "/usr/lib/python3.8/http/client.py", line 268, in _read_status
    line = str(self.fp.readline(_MAXLINE + 1), "iso-8859-1")
  File "/usr/lib/python3.8/socket.py", line 669, in readinto
    return self._sock.recv_into(b)
  File "/usr/lib/python3.8/ssl.py", line 1241, in recv_into
    return self.read(nbytes, buffer)
  File "/usr/lib/python3.8/ssl.py", line 1099, in read
    return self._sslobj.read(len, buffer)
KeyboardInterrupt
